Arguments: 
  /home/gitpod/.nvm/versions/node/v16.19.0/bin/node /home/gitpod/.nvm/versions/node/v16.19.0/bin/yarn publish

PATH: 
  /home/gitpod/.sdkman/candidates/maven/current/bin:/home/gitpod/.sdkman/candidates/java/current/bin:/home/gitpod/.sdkman/candidates/gradle/current/bin:/workspace/.cargo/bin:/home/gitpod/.rvm/gems/ruby-3.1.2/bin:/home/gitpod/.rvm/gems/ruby-3.1.2@global/bin:/home/gitpod/.rvm/rubies/ruby-3.1.2/bin:/home/gitpod/.pyenv/shims:/workspace/go/bin:/home/gitpod/.nix-profile/bin:/ide/bin/remote-cli:/home/gitpod/go/bin:/home/gitpod/go-packages/bin:/home/gitpod/.nvm/versions/node/v16.19.0/bin:/home/gitpod/.yarn/bin:/home/gitpod/.pnpm:/home/gitpod/.pyenv/bin:/workspace/.rvm/bin:/home/gitpod/.cargo/bin:/home/linuxbrew/.linuxbrew/bin:/home/linuxbrew/.linuxbrew/sbin/:/home/gitpod/.local/bin:/usr/games:/usr/local/sbin:/usr/local/bin:/usr/sbin:/usr/bin:/sbin:/bin:/home/gitpod/.nvm/versions/node/v16.19.0/bin:/home/gitpod/.rvm/bin

Yarn version: 
  1.22.19

Node version: 
  16.19.0

Platform: 
  linux x64

Trace: 
  Error: canceled
      at Interface.<anonymous> (/home/gitpod/.nvm/versions/node/v16.19.0/lib/node_modules/yarn/lib/cli.js:137150:13)
      at Interface.emit (node:events:513:28)
      at Interface._ttyWrite (node:readline:1085:16)
      at ReadStream.onkeypress (node:readline:291:10)
      at ReadStream.emit (node:events:513:28)
      at emitKeys (node:internal/readline/utils:357:14)
      at emitKeys.next (<anonymous>)
      at ReadStream.onData (node:internal/readline/emitKeypressEvents:61:36)
      at ReadStream.emit (node:events:513:28)
      at addChunk (node:internal/streams/readable:315:12)

npm manifest: 
  {
    "name": "th-codebox-readonly",
    "version": "0.0.10",
    "license": "ISC",
    "description": "Code syntax highlighting tool for Editor.js forked from a repository (https://github.com/HarveyRDonnelly/codebox) now support readOnly mode",
    "keywords": [
      "Editor.js",
      "Code",
      "Code Syntax",
      "Code highlight",
      "Syntax highlight",
      "editorjs read only support"
    ],
    "author": "Kenmogne Thimotee <kenmognethimotee@gmail.com>",
    "contributors": [],
    "repository": {
      "type": "git",
      "url": "https://github.com/KenmogneThimotee/codebox"
    },
    "scripts": {
      "build": "webpack --progress",
      "build:dev": "webpack --mode development --watch",
      "start": "node test.js"
    },
    "devDependencies": {
      "@babel/core": "7.5.5",
      "@babel/node": "^7.8.4",
      "@babel/preset-env": "7.5.5",
      "babel-eslint": "^10.0.3",
      "babel-loader": "8.0.6",
      "css-loader": "^1.0.0",
      "eslint": "^6.8.0",
      "style-loader": "^0.21.0",
      "webpack": "^4.41.2",
      "webpack-cli": "^3.3.7"
    },
    "files": [
      "dist"
    ],
    "main": "dist/index.min.js",
    "dependencies": {}
  }

yarn manifest: 
  No manifest

Lockfile: 
  No lockfile
